<?xml version="1.0" encoding="UTF-8"?>
<robot generator="Robot 6.0.2 (Python 3.11.3 on win32)" generated="20230724 20:46:06.509" rpa="false" schemaversion="3">
<suite id="s1" name="Testcase" source="C:\Users\SAHITI AASHVI\PycharmProjects\pythonProject3\Testcases1\testcase.robot">
<test id="s1-t1" name="put_request" line="11">
<kw name="Create Session" library="RequestsLibrary">
<arg>mysession</arg>
<arg>${base_url}</arg>
<doc>Create Session: create a HTTP session to a server</doc>
<msg timestamp="20230724 20:46:06.631" level="INFO">Creating Session using : alias=mysession, url=https://qapiv1.maplerecord.com/api/subjects/add, headers={},                     cookies={}, auth=None, timeout=None, proxies=None, verify=False,                     debug=0 </msg>
<status status="PASS" starttime="20230724 20:46:06.630" endtime="20230724 20:46:06.632"/>
</kw>
<kw name="Create Dictionary" library="BuiltIn">
<var>${body}</var>
<arg>subjectName=aashvi</arg>
<arg>functionId=1</arg>
<arg>format=letters</arg>
<doc>Creates and returns a dictionary based on the given ``items``.</doc>
<msg timestamp="20230724 20:46:06.633" level="INFO">${body} = {'subjectName': 'aashvi', 'functionId': '1', 'format': 'letters'}</msg>
<status status="PASS" starttime="20230724 20:46:06.633" endtime="20230724 20:46:06.633"/>
</kw>
<kw name="Create Dictionary" library="BuiltIn">
<var>${header}</var>
<arg>Content-Type=application/json</arg>
<doc>Creates and returns a dictionary based on the given ``items``.</doc>
<msg timestamp="20230724 20:46:06.633" level="INFO">${header} = {'Content-Type': 'application/json'}</msg>
<status status="PASS" starttime="20230724 20:46:06.633" endtime="20230724 20:46:06.633"/>
</kw>
<kw name="POST On Session" library="RequestsLibrary">
<var>${response}</var>
<arg>mysession</arg>
<arg>data=${body} headers=${header}</arg>
<doc>Sends a POST request on a previously created HTTP Session.</doc>
<msg timestamp="20230724 20:46:06.634" level="WARN">You might have an = symbol in url. You better place 'url=' before, example: 'url=/your-url/foo?param=a' or use '/your-url/foo  params=param=a' or escape it</msg>
<msg timestamp="20230724 20:46:06.634" level="FAIL">TypeError: RequestsOnSessionKeywords.post_on_session() missing 1 required positional argument: 'url'</msg>
<status status="FAIL" starttime="20230724 20:46:06.634" endtime="20230724 20:46:06.635"/>
</kw>
<kw name="Log To Console" library="BuiltIn">
<arg>${response.status_code}</arg>
<doc>Logs the given message to the console.</doc>
<status status="NOT RUN" starttime="20230724 20:46:06.635" endtime="20230724 20:46:06.635"/>
</kw>
<kw name="Log To Console" library="BuiltIn">
<arg>${response.content}</arg>
<doc>Logs the given message to the console.</doc>
<status status="NOT RUN" starttime="20230724 20:46:06.635" endtime="20230724 20:46:06.635"/>
</kw>
<kw name="Convert To String" library="BuiltIn">
<var>${status_code}</var>
<arg>${response.status_code}</arg>
<doc>Converts the given item to a Unicode string.</doc>
<status status="NOT RUN" starttime="20230724 20:46:06.635" endtime="20230724 20:46:06.636"/>
</kw>
<kw name="Should Be Equal" library="BuiltIn">
<arg>${status_code}</arg>
<arg>200</arg>
<doc>Fails if the given objects are unequal.</doc>
<status status="NOT RUN" starttime="20230724 20:46:06.636" endtime="20230724 20:46:06.636"/>
</kw>
<kw name="Convert To String" library="BuiltIn">
<var>${res_body}</var>
<arg>${response.content}</arg>
<doc>Converts the given item to a Unicode string.</doc>
<status status="NOT RUN" starttime="20230724 20:46:06.636" endtime="20230724 20:46:06.636"/>
</kw>
<kw name="Should Contain" library="BuiltIn">
<arg>$(res_body}</arg>
<arg>Subject added successfully</arg>
<doc>Fails if ``container`` does not contain ``item`` one or more times.</doc>
<status status="NOT RUN" starttime="20230724 20:46:06.636" endtime="20230724 20:46:06.636"/>
</kw>
<kw name="Should Contain" library="BuiltIn">
<arg>$(res_body}</arg>
<arg>true</arg>
<doc>Fails if ``container`` does not contain ``item`` one or more times.</doc>
<status status="NOT RUN" starttime="20230724 20:46:06.636" endtime="20230724 20:46:06.637"/>
</kw>
<status status="FAIL" starttime="20230724 20:46:06.630" endtime="20230724 20:46:06.638">TypeError: RequestsOnSessionKeywords.post_on_session() missing 1 required positional argument: 'url'</status>
</test>
<status status="FAIL" starttime="20230724 20:46:06.511" endtime="20230724 20:46:06.638"/>
</suite>
<statistics>
<total>
<stat pass="0" fail="1" skip="0">All Tests</stat>
</total>
<tag>
</tag>
<suite>
<stat pass="0" fail="1" skip="0" id="s1" name="Testcase">Testcase</stat>
</suite>
</statistics>
<errors>
<msg timestamp="20230724 20:46:06.634" level="WARN">You might have an = symbol in url. You better place 'url=' before, example: 'url=/your-url/foo?param=a' or use '/your-url/foo  params=param=a' or escape it</msg>
</errors>
</robot>
